<?xml version="1.0" encoding="UTF-8"?>
<robot generator="Robot 3.2 (Python 3.8.0 on win32)" generated="20220523 16:15:38.117" rpa="false">
<suite id="s1" name="Search Number" source="C:\LOTUSS\Robot\lotuss\testcases\search_number.robot">
<test id="s1-t1" name="Use random number keyword to search">
<kw name="random number" library="demo">
<kw name="Open Browser" library="SeleniumLibrary">
<doc>Opens a new browser instance to the optional ``url``.</doc>
<arguments>
<arg>${weburl.url_lotuss}</arg>
<arg>${browser.chrome}</arg>
</arguments>
<msg timestamp="20220523 16:15:38.625" level="INFO">Opening browser 'chrome' to base url 'https://www.lotuss.com/th'.</msg>
<status status="PASS" starttime="20220523 16:15:38.623" endtime="20220523 16:15:44.661"></status>
</kw>
<kw name="Wait Until Element Is Visible" library="SeleniumLibrary">
<doc>Waits until the element ``locator`` is visible.</doc>
<arguments>
<arg>id=search-bar-input</arg>
</arguments>
<msg timestamp="20220523 16:15:46.833" level="INFO">Suppressing StaleElementReferenceException from Selenium.</msg>
<status status="PASS" starttime="20220523 16:15:44.662" endtime="20220523 16:15:47.069"></status>
</kw>
<kw name="Random Number Lib" library="util">
<assign>
<var>${public.v_random_number}</var>
</assign>
<msg timestamp="20220523 16:15:47.069" level="INFO">${public.v_random_number} = 476592222</msg>
<status status="PASS" starttime="20220523 16:15:47.069" endtime="20220523 16:15:47.069"></status>
</kw>
<kw name="Input Text" library="SeleniumLibrary">
<doc>Types the given ``text`` into the text field identified by ``locator``.</doc>
<arguments>
<arg>id=search-bar-input</arg>
<arg>${public.v_random_number}</arg>
</arguments>
<msg timestamp="20220523 16:15:47.070" level="INFO">Typing text '476592222' into text field 'id=search-bar-input'.</msg>
<status status="PASS" starttime="20220523 16:15:47.070" endtime="20220523 16:15:47.266"></status>
</kw>
<kw name="Press Keys" library="SeleniumLibrary">
<doc>Simulates the user pressing key(s) to an element or on the active browser.</doc>
<arguments>
<arg>id=search-bar-input</arg>
<arg>ENTER</arg>
</arguments>
<msg timestamp="20220523 16:15:47.267" level="INFO">Sending key(s) ('ENTER',) to id=search-bar-input element.</msg>
<msg timestamp="20220523 16:15:47.597" level="INFO">Pressing special key ENTER to element.</msg>
<msg timestamp="20220523 16:15:47.597" level="INFO">Releasing special key ENTER.</msg>
<status status="PASS" starttime="20220523 16:15:47.266" endtime="20220523 16:15:49.949"></status>
</kw>
<kw name="Wait Until Element Is Visible" library="SeleniumLibrary">
<doc>Waits until the element ``locator`` is visible.</doc>
<arguments>
<arg>id=product-homepage-back</arg>
<arg>10s</arg>
</arguments>
<status status="PASS" starttime="20220523 16:15:49.949" endtime="20220523 16:15:51.529"></status>
</kw>
<status status="PASS" starttime="20220523 16:15:38.620" endtime="20220523 16:15:51.529"></status>
</kw>
<status status="PASS" starttime="20220523 16:15:38.602" endtime="20220523 16:15:51.530" critical="yes"></status>
</test>
<status status="PASS" starttime="20220523 16:15:38.120" endtime="20220523 16:15:51.532"></status>
</suite>
<statistics>
<total>
<stat pass="1" fail="0">Critical Tests</stat>
<stat pass="1" fail="0">All Tests</stat>
</total>
<tag>
</tag>
<suite>
<stat pass="1" fail="0" id="s1" name="Search Number">Search Number</stat>
</suite>
</statistics>
<errors>
</errors>
</robot>
